TN:
SF:script/CryptoBank.s.sol
DA:14,17
FN:14,CryptoBankScript.run
FNDA:17,CryptoBankScript.run
DA:15,17
DA:17,17
DA:19,17
DA:21,17
FNF:1
FNH:1
LF:5
LH:5
BRF:0
BRH:0
end_of_record
TN:
SF:src/CryptoBank.sol
DA:38,2
FN:38,CryptoBank.onlyAdmin
FNDA:2,CryptoBank.onlyAdmin
DA:39,2
BRDA:39,0,0,1
DA:43,3
FN:43,CryptoBank.onlyOwner
FNDA:3,CryptoBank.onlyOwner
DA:44,3
BRDA:44,1,0,1
DA:48,17
FN:48,CryptoBank.constructor
FNDA:17,CryptoBank.constructor
DA:49,17
DA:50,17
DA:51,17
DA:55,10
FN:55,CryptoBank.depositEther
FNDA:10,CryptoBank.depositEther
DA:56,10
BRDA:56,2,0,1
DA:57,9
DA:59,9
DA:62,2
FN:62,CryptoBank.withdraw
FNDA:2,CryptoBank.withdraw
DA:63,2
BRDA:63,3,0,1
DA:64,1
DA:65,1
DA:66,1
BRDA:66,4,0,-
BRDA:66,4,1,1
DA:67,1
DA:70,3
FN:70,CryptoBank.modifyMaxBalance
FNDA:3,CryptoBank.modifyMaxBalance
DA:71,2
BRDA:71,5,0,1
DA:72,1
DA:75,3
FN:75,CryptoBank.setAdmin
FNDA:3,CryptoBank.setAdmin
DA:76,2
BRDA:76,6,0,1
DA:77,1
DA:81,7
FN:81,CryptoBank.getMyBalance
FNDA:7,CryptoBank.getMyBalance
DA:82,7
DA:85,2
FN:85,CryptoBank.getUserBalance
FNDA:2,CryptoBank.getUserBalance
DA:86,1
DA:89,20
FN:89,CryptoBank.getAdminAddress
FNDA:20,CryptoBank.getAdminAddress
DA:90,20
DA:93,18
FN:93,CryptoBank.getOwnerAddress
FNDA:18,CryptoBank.getOwnerAddress
DA:94,18
DA:97,20
FN:97,CryptoBank.getMaxBalance
FNDA:20,CryptoBank.getMaxBalance
DA:98,20
FNF:12
FNH:12
LF:34
LH:34
BRF:8
BRH:7
end_of_record
